date=Fri Aug 05 16:21:31 PDT 2016	sessionId=stdin	remote=null	format=null	query=asdfasdfasdf	response=(: remove) => (string [[4,4,1,\"Blue\",[]]])
date=Fri Aug 05 16:21:33 PDT 2016	sessionId=stdin	remote=null	format=null	query=add 3 red	response=(: select (color red)) => (string [[4,4,1,\"Blue\",[]],[3,3,1,\"Gray\",[]]])
date=Fri Aug 05 16:21:36 PDT 2016	sessionId=stdin	remote=null	format=null	query=adfasdf	response=(: remove) => (string [[4,4,1,\"Blue\",[]]])
date=Fri Aug 05 16:21:38 PDT 2016	sessionId=stdin	remote=null	format=null	query=add 3 red	response=(: select (color red)) => (string [[4,4,1,\"Blue\",[]],[3,3,1,\"Gray\",[]]])
date=Fri Aug 05 17:45:44 PDT 2016	sessionId=stdin	remote=null	format=null	query=asdfasdf	response=(: remove) => (string [[4,4,1,\"Blue\",[]]])
date=Fri Aug 05 17:45:50 PDT 2016	sessionId=stdin	remote=null	format=null	query=add 3 red	response=(: select (color red)) => (string [[4,4,1,\"Blue\",[]],[3,3,1,\"Gray\",[]]])
date=Wed Aug 10 15:59:35 CDT 2016	sessionId=stdin	remote=null	format=null	query=for green [ add 3 green ]	response=(: select (color green)) => (string [[4,4,1,\"Blue\",[]],[3,3,1,\"Gray\",[]]])
date=Wed Aug 10 15:59:49 CDT 2016	sessionId=stdin	remote=null	format=null	query=for green [ repeat 3 [ add green ] ]	response=(:for (color green) (:loop (number 3) (: add green top))) => (string [[4,4,1,\"Blue\",[]],[3,3,1,\"Gray\",[\"S\"]]])
date=Wed Aug 10 16:00:03 CDT 2016	sessionId=stdin	remote=null	format=null	query=add 3 green	response=(: select (color green)) => (string [[4,4,1,\"Blue\",[]],[3,3,1,\"Gray\",[]]])
date=Wed Aug 10 16:00:56 CDT 2016	sessionId=stdin	remote=null	format=null	query=add 3 green	response=(no answer)
date=Wed Aug 10 16:01:07 CDT 2016	sessionId=stdin	remote=null	format=null	query=add 3 green	response=(: select (color green)) => (string [[4,4,1,\"Blue\",[]],[3,3,1,\"Gray\",[]]])
date=Fri Aug 12 21:31:33 CDT 2016	sessionId=stdin	remote=null	format=null	query=(statistics)	response=
date=Fri Aug 12 21:31:49 CDT 2016	sessionId=stdin	remote=null	format=null	query=(statistics "")	response=
date=Fri Aug 12 21:32:39 CDT 2016	sessionId=stdin	remote=null	format=null	query=q	response=(no answer)
date=Mon Aug 22 15:13:50 PDT 2016	sessionId=stdin	remote=null	format=null	query=add orange ere	response=(: select (color orange)) => (string [[4,4,1,\"Blue\",[]],[3,3,1,\"Gray\",[]]])
date=Mon Aug 22 15:22:55 PDT 2016	sessionId=stdin	remote=null	format=null	query=add orange ere	response=(: select (color orange)) => (string [[4,4,1,\"Blue\",[]],[3,3,1,\"Gray\",[]]])
date=Mon Aug 22 15:23:17 PDT 2016	sessionId=stdin	remote=null	format=null	query=_ add orange top	response=(: select (color orange)) => (string [[4,4,1,\"Blue\",[]],[3,3,1,\"Gray\",[]]])
date=Mon Aug 22 15:23:38 PDT 2016	sessionId=stdin	remote=null	format=null	query=add orange ere	response=(: select (color orange)) => (string [[4,4,1,\"Blue\",[]],[3,3,1,\"Gray\",[]]])
date=Mon Aug 22 15:23:40 PDT 2016	sessionId=stdin	remote=null	format=null	query=add orange ere	response=(: select (color orange)) => (string [[4,4,1,\"Blue\",[]],[3,3,1,\"Gray\",[]]])
date=Mon Aug 22 15:24:33 PDT 2016	sessionId=stdin	remote=null	format=null	query=add orange ere	response=(: select (color orange)) => (string [[4,4,1,\"Blue\",[]],[3,3,1,\"Gray\",[]]])
date=Mon Aug 22 15:26:04 PDT 2016	sessionId=stdin	remote=null	format=null	query=add orange ere	response=(: select (color orange)) => (string [[4,4,1,\"Blue\",[]],[3,3,1,\"Gray\",[]]])
date=Mon Aug 22 15:26:17 PDT 2016	sessionId=stdin	remote=null	format=null	query=add orange top	response=(: add orange top) => (string [[4,4,1,\"Blue\",[]],[3,3,1,\"Gray\",[\"S\"]],[3,3,2,\"Orange\",[]]])
date=Mon Aug 22 15:26:22 PDT 2016	sessionId=stdin	remote=null	format=null	query=add orange ere	response=(: select (color orange)) => (string [[4,4,1,\"Blue\",[]],[3,3,1,\"Gray\",[]]])
date=Mon Aug 22 15:29:19 PDT 2016	sessionId=stdin	remote=null	format=null	query=add orange ere	response=(: select (color orange)) => (string [[4,4,1,\"Blue\",[]],[3,3,1,\"Gray\",[]]])
date=Mon Aug 22 15:29:39 PDT 2016	sessionId=stdin	remote=null	format=null	query=add orange ere	response=(: select (color orange)) => (string [[4,4,1,\"Blue\",[]],[3,3,1,\"Gray\",[]]])
date=Mon Aug 22 15:31:23 PDT 2016	sessionId=stdin	remote=null	format=null	query=add orange ere	response=(: select (color orange)) => (string [[4,4,1,\"Blue\",[]],[3,3,1,\"Gray\",[]]])
date=Mon Aug 22 15:32:18 PDT 2016	sessionId=stdin	remote=null	format=null	query=add orange ere	response=(: select (color orange)) => (string [[4,4,1,\"Blue\",[]],[3,3,1,\"Gray\",[]]])
date=Mon Aug 22 15:38:28 PDT 2016	sessionId=stdin	remote=null	format=null	query=add orange top	response=(: add orange top) => (string [[4,4,1,\"Blue\",[]],[3,3,1,\"Gray\",[\"S\"]],[3,3,2,\"Orange\",[]]])
date=Mon Aug 22 15:38:47 PDT 2016	sessionId=stdin	remote=null	format=null	query=add orange	response=(: add orange top) => (string [[4,4,1,\"Blue\",[]],[3,3,1,\"Gray\",[\"S\"]],[3,3,2,\"Orange\",[]]])
date=Mon Aug 22 15:39:25 PDT 2016	sessionId=stdin	remote=null	format=null	query=add orange top	response=(: add orange top) => (string [[4,4,1,\"Blue\",[]],[3,3,1,\"Gray\",[\"S\"]],[3,3,2,\"Orange\",[]]])
date=Mon Aug 22 15:40:28 PDT 2016	sessionId=stdin	remote=null	format=null	query=(reload)	response=  Grammar.read {
date=Mon Aug 22 15:40:30 PDT 2016	sessionId=stdin	remote=null	format=null	query=[A[A[A	response=(no answer)
date=Mon Aug 22 15:40:33 PDT 2016	sessionId=stdin	remote=null	format=null	query=add orange top	response=(: add orange top) => (string [[4,4,1,\"Blue\",[]],[3,3,1,\"Gray\",[\"S\"]],[3,3,2,\"Orange\",[]]])
date=Mon Aug 22 15:40:48 PDT 2016	sessionId=stdin	remote=null	format=null	query=(reload)	response=  Grammar.read {
date=Mon Aug 22 15:40:50 PDT 2016	sessionId=stdin	remote=null	format=null	query=add red top	response=(: add red top) => (string [[4,4,1,\"Blue\",[]],[3,3,1,\"Gray\",[\"S\"]],[3,3,2,\"Red\",[]]])
date=Mon Aug 22 15:41:51 PDT 2016	sessionId=stdin	remote=null	format=null	query=add orange top	response=(: add orange top) => (string [[4,4,1,\"Blue\",[]],[3,3,1,\"Gray\",[\"S\"]],[3,3,2,\"Orange\",[]]])
date=Mon Aug 22 15:42:20 PDT 2016	sessionId=stdin	remote=null	format=null	query=add orange ere	response=(: add orange top) => (string [[4,4,1,\"Blue\",[]],[3,3,1,\"Gray\",[\"S\"]],[3,3,2,\"Orange\",[]]])
date=Mon Aug 22 15:42:51 PDT 2016	sessionId=stdin	remote=null	format=null	query=add orange top	response=(: add orange top) => (string [[4,4,1,\"Blue\",[]],[3,3,1,\"Gray\",[\"S\"]],[3,3,2,\"Orange\",[]]])
date=Mon Aug 22 15:42:55 PDT 2016	sessionId=stdin	remote=null	format=null	query=add orange ere	response=(: add orange top) => (string [[4,4,1,\"Blue\",[]],[3,3,1,\"Gray\",[\"S\"]],[3,3,2,\"Orange\",[]]])
date=Mon Aug 22 15:48:00 PDT 2016	sessionId=stdin	remote=null	format=null	query=add orange top	response=(: add orange top) => (string [[4,4,1,\"Blue\",[]],[3,3,1,\"Gray\",[\"S\"]],[3,3,2,\"Orange\",[]]])
date=Mon Aug 22 15:48:04 PDT 2016	sessionId=stdin	remote=null	format=null	query=add orange ere	response=(: add orange top) => (string [[4,4,1,\"Blue\",[]],[3,3,1,\"Gray\",[\"S\"]],[3,3,2,\"Orange\",[]]])
date=Mon Aug 22 15:48:18 PDT 2016	sessionId=stdin	remote=null	format=null	query=add orange ere	response=(: add orange top) => (string [[4,4,1,\"Blue\",[]],[3,3,1,\"Gray\",[\"S\"]],[3,3,2,\"Orange\",[]]])
date=Mon Aug 22 15:54:12 PDT 2016	sessionId=stdin	remote=null	format=null	query=param	response=(no answer)
date=Mon Aug 22 15:54:15 PDT 2016	sessionId=stdin	remote=null	format=null	query=(param)	response=  Invalid command: (param)
date=Mon Aug 22 15:54:17 PDT 2016	sessionId=stdin	remote=null	format=null	query=(params)	response=rule :: $Action -> $Sets (interactive.ApplyFn (lambda s (: select (var s))))	0.05530360956365535
date=Mon Aug 22 15:56:41 PDT 2016	sessionId=stdin	remote=null	format=null	query=(params)	response=rule :: $Sets -> $Color (interactive.ApplyFn (lambda c (color (var c))))	0.05538681459308913
date=Mon Aug 22 16:33:56 PDT 2016	sessionId=stdin	remote=null	format=null	query=add red	response=(: add red top) => (string [[4,4,1,\"Blue\",[]],[3,3,1,\"Gray\",[\"S\"]],[3,3,2,\"Red\",[]]])
date=Mon Aug 22 16:34:34 PDT 2016	sessionId=stdin	remote=null	format=null	query=_ add red	response=(: add red top) => (string [[4,4,1,\"Blue\",[]],[3,3,1,\"Gray\",[\"S\"]],[3,3,2,\"Red\",[]]])
date=Mon Aug 22 16:34:39 PDT 2016	sessionId=stdin	remote=null	format=null	query=add red	response=(: add red top) => (string [[4,4,1,\"Blue\",[]],[3,3,1,\"Gray\",[\"S\"]],[3,3,2,\"Red\",[]]])
date=Mon Aug 22 17:44:45 PDT 2016	sessionId=stdin	remote=null	format=null	query=for red [ repeat 3 [ add red left ] ]	response=(: add red top) => (string [[4,4,1,\"Blue\",[]],[3,3,1,\"Gray\",[\"S\"]],[3,3,2,\"Red\",[]]])
date=Mon Aug 22 17:46:57 PDT 2016	sessionId=stdin	remote=null	format=null	query=add green 3 times to the red squares on the select left	response=(no answer)
date=Mon Aug 22 17:47:12 PDT 2016	sessionId=stdin	remote=null	format=null	query=add red	response=(: add red top) => (string [[4,4,1,\"Blue\",[]],[3,3,1,\"Gray\",[\"S\"]],[3,3,2,\"Red\",[]]])
date=Mon Aug 22 17:47:16 PDT 2016	sessionId=stdin	remote=null	format=null	query=add a red	response=(no answer)
date=Mon Aug 22 17:48:17 PDT 2016	sessionId=stdin	remote=null	format=null	query=add green 3 times to the red squares on the select left	response=(: select (color green)) => (string [[4,4,1,\"Blue\",[]],[3,3,1,\"Gray\",[]]])
date=Mon Aug 22 17:53:42 PDT 2016	sessionId=stdin	remote=null	format=null	query=d5560c5e8a112066ac51fab8e081b5bc	response=(no answer)
date=Mon Aug 22 17:53:46 PDT 2016	sessionId=stdin	remote=null	format=null	query=es to the red squares on the select left	response=(: select (color red)) => (string [[4,4,1,\"Blue\",[]],[3,3,1,\"Gray\",[]]])
date=Mon Aug 22 17:53:46 PDT 2016	sessionId=stdin	remote=null	format=null	query=Parser.parse: parse {	response=(no answer)
date=Mon Aug 22 17:53:46 PDT 2016	sessionId=stdin	remote=null	format=null	query=Parser.ensureExecuted	response=(no answer)
date=Mon Aug 22 17:53:46 PDT 2016	sessionId=stdin	remote=null	format=null	query=}	response=(no answer)
date=Mon Aug 22 17:53:46 PDT 2016	sessionId=stdin	remote=null	format=null	query=Parser.setEvaluation: 79 candidates {	response=(no answer)
date=Mon Aug 22 17:53:54 PDT 2016	sessionId=stdin	remote=null	format=null	query=add green 3 times to the red squares on the select left	response=(: select (color green)) => (string [[4,4,1,\"Blue\",[]],[3,3,1,\"Gray\",[]]])
date=Mon Aug 22 17:57:50 PDT 2016	sessionId=stdin	remote=null	format=null	query=(reload)	response=  Grammar.read {
date=Mon Aug 22 17:57:53 PDT 2016	sessionId=stdin	remote=null	format=null	query=add green 3 times to the red squares on the select left	response=(: select) => (string [[4,4,1,\"Blue\",[]],[3,3,1,\"Gray\",[\"S\"]]])
date=Mon Aug 22 17:59:21 PDT 2016	sessionId=stdin	remote=null	format=null	query=(reload)	response=  Grammar.read {
date=Mon Aug 22 17:59:25 PDT 2016	sessionId=stdin	remote=null	format=null	query=add green 3 times to the red squares on the select left	response=(: select) => (string [[4,4,1,\"Blue\",[]],[3,3,1,\"Gray\",[\"S\"]]])
date=Tue Aug 23 17:22:14 PDT 2016	sessionId=stdin	remote=null	format=null	query=add yellow	response=(: add yellow top) => (string [[4,4,1,\"Blue\",[]],[3,3,1,\"Gray\",[\"S\"]],[3,3,2,\"Yellow\",[]]])
date=Tue Aug 23 17:22:21 PDT 2016	sessionId=stdin	remote=null	format=null	query=add orange	response=(: add orange top) => (string [[4,4,1,\"Blue\",[]],[3,3,1,\"Gray\",[\"S\"]],[3,3,2,\"Orange\",[]]])
date=Tue Aug 23 17:22:55 PDT 2016	sessionId=stdin	remote=null	format=null	query=add coolio	response=(no answer)
date=Tue Aug 23 17:23:03 PDT 2016	sessionId=stdin	remote=null	format=null	query=add some orange to the block	response=(: add orange top) => (string [[4,4,1,\"Blue\",[]],[3,3,1,\"Gray\",[\"S\"]],[3,3,2,\"Orange\",[]]])
date=Wed Aug 24 14:49:07 PDT 2016	sessionId=stdin	remote=null	format=null	query=update color 1	response=(: update color (number 1)) => BADJAVA: java.lang.RuntimeException: java.lang.RuntimeException: updating property color=1 is not supported.
